<?xml version="1.0" encoding="UTF-8"?>
<testsuite xmlns:xsi="http://www.w3.org/2001/XMLSchema-instance" xsi:noNamespaceSchemaLocation="https://maven.apache.org/surefire/maven-surefire-plugin/xsd/surefire-test-report.xsd" name="org.apache.flink.fs.azurefs.AzureFSFactoryTest" time="1.199" tests="6" errors="0" skipped="0" failures="0">
  <properties>
[...]
</properties>
  <testcase name="testCreateFsWithMissingAuthority[Scheme = wasb]" classname="org.apache.flink.fs.azurefs.AzureFSFactoryTest" time="0.151"/>
  <testcase name="testCreateFsWithAuthorityMissingCreds[Scheme = wasb]" classname="org.apache.flink.fs.azurefs.AzureFSFactoryTest" time="0.551"/>
  <testcase name="testNullFsURI[Scheme = wasb]" classname="org.apache.flink.fs.azurefs.AzureFSFactoryTest" time="0.001"/>
  <testcase name="testCreateFsWithMissingAuthority[Scheme = wasbs]" classname="org.apache.flink.fs.azurefs.AzureFSFactoryTest" time="0.007"/>
  <testcase name="testCreateFsWithAuthorityMissingCreds[Scheme = wasbs]" classname="org.apache.flink.fs.azurefs.AzureFSFactoryTest" time="0.118"/>
  <testcase name="testNullFsURI[Scheme = wasbs]" classname="org.apache.flink.fs.azurefs.AzureFSFactoryTest" time="0"/>
</testsuite>