<?xml version="1.0" encoding="UTF-8"?>
<testsuite xmlns:xsi="http://www.w3.org/2001/XMLSchema-instance" xsi:noNamespaceSchemaLocation="https://maven.apache.org/surefire/maven-surefire-plugin/xsd/surefire-test-report.xsd" name="org.apache.flink.runtime.executiongraph.ExecutionVertexLocalityTest" time="5.812" tests="3" errors="0" skipped="0" failures="0">
  <properties>
[...]
</properties>
  <testcase name="testLocalityBasedOnState" classname="org.apache.flink.runtime.executiongraph.ExecutionVertexLocalityTest" time="3.892"/>
  <testcase name="testNoLocalityInputLargeAllToAll" classname="org.apache.flink.runtime.executiongraph.ExecutionVertexLocalityTest" time="0.089"/>
  <testcase name="testLocalityInputBasedForward" classname="org.apache.flink.runtime.executiongraph.ExecutionVertexLocalityTest" time="0.016"/>
</testsuite>