<?xml version="1.0" encoding="UTF-8"?>
<testsuite xmlns:xsi="http://www.w3.org/2001/XMLSchema-instance" xsi:noNamespaceSchemaLocation="https://maven.apache.org/surefire/maven-surefire-plugin/xsd/surefire-test-report.xsd" name="org.apache.flink.fs.osshadoop.HadoopOSSFileSystemBehaviorITCase" time="0.496" tests="1" errors="0" skipped="1" failures="0">
  <properties>
[...]
</properties>
  <testcase name="org.apache.flink.fs.osshadoop.HadoopOSSFileSystemBehaviorITCase" classname="org.apache.flink.fs.osshadoop.HadoopOSSFileSystemBehaviorITCase" time="0">
    <skipped message="No OSS credentials available in this test&apos;s environment"/>
  </testcase>
</testsuite>