<?xml version="1.0" encoding="UTF-8"?>
<testsuite xmlns:xsi="http://www.w3.org/2001/XMLSchema-instance" xsi:noNamespaceSchemaLocation="https://maven.apache.org/surefire/maven-surefire-plugin/xsd/surefire-test-report.xsd" name="org.apache.flink.configuration.ReadableWritableConfigurationTest" time="2.023" tests="44" errors="0" skipped="0" failures="0">
  <properties>
[...]
</properties>
  <testcase name="testGetOptionalDefaultValueOverride[TestSpec{option=Key: &apos;int&apos; , default: -1 (fallback keys: []), value=12345, stringValue=&apos;12345&apos;, defaultValueOverride=5}]" classname="org.apache.flink.configuration.ReadableWritableConfigurationTest" time="1.415"/>
  <testcase name="testGetOptionalFromObject[TestSpec{option=Key: &apos;int&apos; , default: -1 (fallback keys: []), value=12345, stringValue=&apos;12345&apos;, defaultValueOverride=5}]" classname="org.apache.flink.configuration.ReadableWritableConfigurationTest" time="0.002"/>
  <testcase name="testGetOptionalFromString[TestSpec{option=Key: &apos;int&apos; , default: -1 (fallback keys: []), value=12345, stringValue=&apos;12345&apos;, defaultValueOverride=5}]" classname="org.apache.flink.configuration.ReadableWritableConfigurationTest" time="0"/>
  <testcase name="testGetDefaultValue[TestSpec{option=Key: &apos;int&apos; , default: -1 (fallback keys: []), value=12345, stringValue=&apos;12345&apos;, defaultValueOverride=5}]" classname="org.apache.flink.configuration.ReadableWritableConfigurationTest" time="0.001"/>
  <testcase name="testGetOptionalDefaultValueOverride[TestSpec{option=Key: &apos;long&apos; , default: -1 (fallback keys: []), value=12345, stringValue=&apos;12345&apos;, defaultValueOverride=5}]" classname="org.apache.flink.configuration.ReadableWritableConfigurationTest" time="0.001"/>
  <testcase name="testGetOptionalFromObject[TestSpec{option=Key: &apos;long&apos; , default: -1 (fallback keys: []), value=12345, stringValue=&apos;12345&apos;, defaultValueOverride=5}]" classname="org.apache.flink.configuration.ReadableWritableConfigurationTest" time="0"/>
  <testcase name="testGetOptionalFromString[TestSpec{option=Key: &apos;long&apos; , default: -1 (fallback keys: []), value=12345, stringValue=&apos;12345&apos;, defaultValueOverride=5}]" classname="org.apache.flink.configuration.ReadableWritableConfigurationTest" time="0.001"/>
  <testcase name="testGetDefaultValue[TestSpec{option=Key: &apos;long&apos; , default: -1 (fallback keys: []), value=12345, stringValue=&apos;12345&apos;, defaultValueOverride=5}]" classname="org.apache.flink.configuration.ReadableWritableConfigurationTest" time="0"/>
  <testcase name="testGetOptionalDefaultValueOverride[TestSpec{option=Key: &apos;float&apos; , default: 0.01 (fallback keys: []), value=0.003, stringValue=&apos;0.003&apos;, defaultValueOverride=1.23}]" classname="org.apache.flink.configuration.ReadableWritableConfigurationTest" time="0"/>
  <testcase name="testGetOptionalFromObject[TestSpec{option=Key: &apos;float&apos; , default: 0.01 (fallback keys: []), value=0.003, stringValue=&apos;0.003&apos;, defaultValueOverride=1.23}]" classname="org.apache.flink.configuration.ReadableWritableConfigurationTest" time="0.001"/>
  <testcase name="testGetOptionalFromString[TestSpec{option=Key: &apos;float&apos; , default: 0.01 (fallback keys: []), value=0.003, stringValue=&apos;0.003&apos;, defaultValueOverride=1.23}]" classname="org.apache.flink.configuration.ReadableWritableConfigurationTest" time="0"/>
  <testcase name="testGetDefaultValue[TestSpec{option=Key: &apos;float&apos; , default: 0.01 (fallback keys: []), value=0.003, stringValue=&apos;0.003&apos;, defaultValueOverride=1.23}]" classname="org.apache.flink.configuration.ReadableWritableConfigurationTest" time="0"/>
  <testcase name="testGetOptionalDefaultValueOverride[TestSpec{option=Key: &apos;double&apos; , default: 0.01 (fallback keys: []), value=0.003, stringValue=&apos;0.003&apos;, defaultValueOverride=1.23}]" classname="org.apache.flink.configuration.ReadableWritableConfigurationTest" time="0.001"/>
  <testcase name="testGetOptionalFromObject[TestSpec{option=Key: &apos;double&apos; , default: 0.01 (fallback keys: []), value=0.003, stringValue=&apos;0.003&apos;, defaultValueOverride=1.23}]" classname="org.apache.flink.configuration.ReadableWritableConfigurationTest" time="0"/>
  <testcase name="testGetOptionalFromString[TestSpec{option=Key: &apos;double&apos; , default: 0.01 (fallback keys: []), value=0.003, stringValue=&apos;0.003&apos;, defaultValueOverride=1.23}]" classname="org.apache.flink.configuration.ReadableWritableConfigurationTest" time="0"/>
  <testcase name="testGetDefaultValue[TestSpec{option=Key: &apos;double&apos; , default: 0.01 (fallback keys: []), value=0.003, stringValue=&apos;0.003&apos;, defaultValueOverride=1.23}]" classname="org.apache.flink.configuration.ReadableWritableConfigurationTest" time="0"/>
  <testcase name="testGetOptionalDefaultValueOverride[TestSpec{option=Key: &apos;boolean&apos; , default: false (fallback keys: []), value=true, stringValue=&apos;true&apos;, defaultValueOverride=true}]" classname="org.apache.flink.configuration.ReadableWritableConfigurationTest" time="0"/>
  <testcase name="testGetOptionalFromObject[TestSpec{option=Key: &apos;boolean&apos; , default: false (fallback keys: []), value=true, stringValue=&apos;true&apos;, defaultValueOverride=true}]" classname="org.apache.flink.configuration.ReadableWritableConfigurationTest" time="0"/>
  <testcase name="testGetOptionalFromString[TestSpec{option=Key: &apos;boolean&apos; , default: false (fallback keys: []), value=true, stringValue=&apos;true&apos;, defaultValueOverride=true}]" classname="org.apache.flink.configuration.ReadableWritableConfigurationTest" time="0"/>
  <testcase name="testGetDefaultValue[TestSpec{option=Key: &apos;boolean&apos; , default: false (fallback keys: []), value=true, stringValue=&apos;true&apos;, defaultValueOverride=true}]" classname="org.apache.flink.configuration.ReadableWritableConfigurationTest" time="0"/>
  <testcase name="testGetOptionalDefaultValueOverride[TestSpec{option=Key: &apos;list&lt;int&gt;&apos; , default: [-1, 2, 3] (fallback keys: []), value=[1, 2, 3, 4, 5], stringValue=&apos;1;2;3;4;5&apos;, defaultValueOverride=[1, 2]}]" classname="org.apache.flink.configuration.ReadableWritableConfigurationTest" time="0.003"/>
  <testcase name="testGetOptionalFromObject[TestSpec{option=Key: &apos;list&lt;int&gt;&apos; , default: [-1, 2, 3] (fallback keys: []), value=[1, 2, 3, 4, 5], stringValue=&apos;1;2;3;4;5&apos;, defaultValueOverride=[1, 2]}]" classname="org.apache.flink.configuration.ReadableWritableConfigurationTest" time="0"/>
  <testcase name="testGetOptionalFromString[TestSpec{option=Key: &apos;list&lt;int&gt;&apos; , default: [-1, 2, 3] (fallback keys: []), value=[1, 2, 3, 4, 5], stringValue=&apos;1;2;3;4;5&apos;, defaultValueOverride=[1, 2]}]" classname="org.apache.flink.configuration.ReadableWritableConfigurationTest" time="0.01"/>
  <testcase name="testGetDefaultValue[TestSpec{option=Key: &apos;list&lt;int&gt;&apos; , default: [-1, 2, 3] (fallback keys: []), value=[1, 2, 3, 4, 5], stringValue=&apos;1;2;3;4;5&apos;, defaultValueOverride=[1, 2]}]" classname="org.apache.flink.configuration.ReadableWritableConfigurationTest" time="0.001"/>
  <testcase name="testGetOptionalDefaultValueOverride[TestSpec{option=Key: &apos;list&lt;string&gt;&apos; , default: [A, B, C] (fallback keys: []), value=[A;B, C], stringValue=&apos;&apos;A;B&apos;;C&apos;, defaultValueOverride=[C]}]" classname="org.apache.flink.configuration.ReadableWritableConfigurationTest" time="0"/>
  <testcase name="testGetOptionalFromObject[TestSpec{option=Key: &apos;list&lt;string&gt;&apos; , default: [A, B, C] (fallback keys: []), value=[A;B, C], stringValue=&apos;&apos;A;B&apos;;C&apos;, defaultValueOverride=[C]}]" classname="org.apache.flink.configuration.ReadableWritableConfigurationTest" time="0.001"/>
  <testcase name="testGetOptionalFromString[TestSpec{option=Key: &apos;list&lt;string&gt;&apos; , default: [A, B, C] (fallback keys: []), value=[A;B, C], stringValue=&apos;&apos;A;B&apos;;C&apos;, defaultValueOverride=[C]}]" classname="org.apache.flink.configuration.ReadableWritableConfigurationTest" time="0"/>
  <testcase name="testGetDefaultValue[TestSpec{option=Key: &apos;list&lt;string&gt;&apos; , default: [A, B, C] (fallback keys: []), value=[A;B, C], stringValue=&apos;&apos;A;B&apos;;C&apos;, defaultValueOverride=[C]}]" classname="org.apache.flink.configuration.ReadableWritableConfigurationTest" time="0"/>
  <testcase name="testGetOptionalDefaultValueOverride[TestSpec{option=Key: &apos;interval&apos; , default: PT3H (fallback keys: []), value=PT3M, stringValue=&apos;3 min&apos;, defaultValueOverride=PT1S}]" classname="org.apache.flink.configuration.ReadableWritableConfigurationTest" time="0"/>
  <testcase name="testGetOptionalFromObject[TestSpec{option=Key: &apos;interval&apos; , default: PT3H (fallback keys: []), value=PT3M, stringValue=&apos;3 min&apos;, defaultValueOverride=PT1S}]" classname="org.apache.flink.configuration.ReadableWritableConfigurationTest" time="0"/>
  <testcase name="testGetOptionalFromString[TestSpec{option=Key: &apos;interval&apos; , default: PT3H (fallback keys: []), value=PT3M, stringValue=&apos;3 min&apos;, defaultValueOverride=PT1S}]" classname="org.apache.flink.configuration.ReadableWritableConfigurationTest" time="0.009"/>
  <testcase name="testGetDefaultValue[TestSpec{option=Key: &apos;interval&apos; , default: PT3H (fallback keys: []), value=PT3M, stringValue=&apos;3 min&apos;, defaultValueOverride=PT1S}]" classname="org.apache.flink.configuration.ReadableWritableConfigurationTest" time="0"/>
  <testcase name="testGetOptionalDefaultValueOverride[TestSpec{option=Key: &apos;memory&apos; , default: 1 kb (fallback keys: []), value=1 gb, stringValue=&apos;1g&apos;, defaultValueOverride=2 kb}]" classname="org.apache.flink.configuration.ReadableWritableConfigurationTest" time="0"/>
  <testcase name="testGetOptionalFromObject[TestSpec{option=Key: &apos;memory&apos; , default: 1 kb (fallback keys: []), value=1 gb, stringValue=&apos;1g&apos;, defaultValueOverride=2 kb}]" classname="org.apache.flink.configuration.ReadableWritableConfigurationTest" time="0"/>
  <testcase name="testGetOptionalFromString[TestSpec{option=Key: &apos;memory&apos; , default: 1 kb (fallback keys: []), value=1 gb, stringValue=&apos;1g&apos;, defaultValueOverride=2 kb}]" classname="org.apache.flink.configuration.ReadableWritableConfigurationTest" time="0.001"/>
  <testcase name="testGetDefaultValue[TestSpec{option=Key: &apos;memory&apos; , default: 1 kb (fallback keys: []), value=1 gb, stringValue=&apos;1g&apos;, defaultValueOverride=2 kb}]" classname="org.apache.flink.configuration.ReadableWritableConfigurationTest" time="0.001"/>
  <testcase name="testGetOptionalDefaultValueOverride[TestSpec{option=Key: &apos;properties&apos; , default: {prop1=value1} (fallback keys: []), value={key1=value1, key2=value2}, stringValue=&apos;key1:value1,key2:value2&apos;, defaultValueOverride={}}]" classname="org.apache.flink.configuration.ReadableWritableConfigurationTest" time="0"/>
  <testcase name="testGetOptionalFromObject[TestSpec{option=Key: &apos;properties&apos; , default: {prop1=value1} (fallback keys: []), value={key1=value1, key2=value2}, stringValue=&apos;key1:value1,key2:value2&apos;, defaultValueOverride={}}]" classname="org.apache.flink.configuration.ReadableWritableConfigurationTest" time="0"/>
  <testcase name="testGetOptionalFromString[TestSpec{option=Key: &apos;properties&apos; , default: {prop1=value1} (fallback keys: []), value={key1=value1, key2=value2}, stringValue=&apos;key1:value1,key2:value2&apos;, defaultValueOverride={}}]" classname="org.apache.flink.configuration.ReadableWritableConfigurationTest" time="0.005"/>
  <testcase name="testGetDefaultValue[TestSpec{option=Key: &apos;properties&apos; , default: {prop1=value1} (fallback keys: []), value={key1=value1, key2=value2}, stringValue=&apos;key1:value1,key2:value2&apos;, defaultValueOverride={}}]" classname="org.apache.flink.configuration.ReadableWritableConfigurationTest" time="0"/>
  <testcase name="testGetOptionalDefaultValueOverride[TestSpec{option=Key: &apos;list&lt;properties&gt;&apos; , default: [{prop1=value1}] (fallback keys: []), value=[{key1=value1, key2=value2}, {key3=value3}], stringValue=&apos;key1:value1,key2:value2;key3:value3&apos;, defaultValueOverride=[]}]" classname="org.apache.flink.configuration.ReadableWritableConfigurationTest" time="0.001"/>
  <testcase name="testGetOptionalFromObject[TestSpec{option=Key: &apos;list&lt;properties&gt;&apos; , default: [{prop1=value1}] (fallback keys: []), value=[{key1=value1, key2=value2}, {key3=value3}], stringValue=&apos;key1:value1,key2:value2;key3:value3&apos;, defaultValueOverride=[]}]" classname="org.apache.flink.configuration.ReadableWritableConfigurationTest" time="0"/>
  <testcase name="testGetOptionalFromString[TestSpec{option=Key: &apos;list&lt;properties&gt;&apos; , default: [{prop1=value1}] (fallback keys: []), value=[{key1=value1, key2=value2}, {key3=value3}], stringValue=&apos;key1:value1,key2:value2;key3:value3&apos;, defaultValueOverride=[]}]" classname="org.apache.flink.configuration.ReadableWritableConfigurationTest" time="0.001"/>
  <testcase name="testGetDefaultValue[TestSpec{option=Key: &apos;list&lt;properties&gt;&apos; , default: [{prop1=value1}] (fallback keys: []), value=[{key1=value1, key2=value2}, {key3=value3}], stringValue=&apos;key1:value1,key2:value2;key3:value3&apos;, defaultValueOverride=[]}]" classname="org.apache.flink.configuration.ReadableWritableConfigurationTest" time="0"/>
</testsuite>