<?xml version="1.0" encoding="UTF-8"?>
<testsuite xmlns:xsi="http://www.w3.org/2001/XMLSchema-instance" xsi:noNamespaceSchemaLocation="https://maven.apache.org/surefire/maven-surefire-plugin/xsd/surefire-test-report.xsd" name="org.apache.flink.api.java.typeutils.TypeExtractorTest" time="0.263" tests="70" errors="0" skipped="0" failures="0">
  <properties>
[...]
</properties>
  <testcase name="testSubclassOfTuple" classname="org.apache.flink.api.java.typeutils.TypeExtractorTest" time="0.002"/>
  <testcase name="testFunctionDependingOnInputWithTupleInput" classname="org.apache.flink.api.java.typeutils.TypeExtractorTest" time="0.001"/>
  <testcase name="testTupleWithPojo" classname="org.apache.flink.api.java.typeutils.TypeExtractorTest" time="0.002"/>
  <testcase name="testFunctionDependingOnInputWithTupleInputWithTypeMismatch" classname="org.apache.flink.api.java.typeutils.TypeExtractorTest" time="0.001"/>
  <testcase name="testBasicArray2" classname="org.apache.flink.api.java.typeutils.TypeExtractorTest" time="0.001"/>
  <testcase name="testCreateTypeInfoFromInstance" classname="org.apache.flink.api.java.typeutils.TypeExtractorTest" time="0.001"/>
  <testcase name="testEitherFromObjectException" classname="org.apache.flink.api.java.typeutils.TypeExtractorTest" time="0.009"/>
  <testcase name="testNestedTupleGenerics" classname="org.apache.flink.api.java.typeutils.TypeExtractorTest" time="0.02"/>
  <testcase name="testBasicArray" classname="org.apache.flink.api.java.typeutils.TypeExtractorTest" time="0.001"/>
  <testcase name="testCustomArrayWithTypeVariable" classname="org.apache.flink.api.java.typeutils.TypeExtractorTest" time="0.001"/>
  <testcase name="testGenericTypeWithSuperclassInput" classname="org.apache.flink.api.java.typeutils.TypeExtractorTest" time="0.002"/>
  <testcase name="testInputInference1" classname="org.apache.flink.api.java.typeutils.TypeExtractorTest" time="0.001"/>
  <testcase name="testInputInference2" classname="org.apache.flink.api.java.typeutils.TypeExtractorTest" time="0.001"/>
  <testcase name="testInputInference3" classname="org.apache.flink.api.java.typeutils.TypeExtractorTest" time="0"/>
  <testcase name="testInputInference4" classname="org.apache.flink.api.java.typeutils.TypeExtractorTest" time="0.001"/>
  <testcase name="testAbstractAndInterfaceTypes" classname="org.apache.flink.api.java.typeutils.TypeExtractorTest" time="0.005"/>
  <testcase name="testFunctionDependingOnInputFromInput" classname="org.apache.flink.api.java.typeutils.TypeExtractorTest" time="0"/>
  <testcase name="testTypeErasure" classname="org.apache.flink.api.java.typeutils.TypeExtractorTest" time="0.003"/>
  <testcase name="testRow" classname="org.apache.flink.api.java.typeutils.TypeExtractorTest" time="0.005"/>
  <testcase name="testDuplicateValue" classname="org.apache.flink.api.java.typeutils.TypeExtractorTest" time="0.001"/>
  <testcase name="testEnumType" classname="org.apache.flink.api.java.typeutils.TypeExtractorTest" time="0.001"/>
  <testcase name="testGenericsInDirectSuperclass" classname="org.apache.flink.api.java.typeutils.TypeExtractorTest" time="0.003"/>
  <testcase name="testValue" classname="org.apache.flink.api.java.typeutils.TypeExtractorTest" time="0.071"/>
  <testcase name="testPojo" classname="org.apache.flink.api.java.typeutils.TypeExtractorTest" time="0.003"/>
  <testcase name="testEitherHierarchy" classname="org.apache.flink.api.java.typeutils.TypeExtractorTest" time="0.003"/>
  <testcase name="testTupleArray" classname="org.apache.flink.api.java.typeutils.TypeExtractorTest" time="0.002"/>
  <testcase name="testInputMismatchWithRawFuntion" classname="org.apache.flink.api.java.typeutils.TypeExtractorTest" time="0"/>
  <testcase name="testBasicType" classname="org.apache.flink.api.java.typeutils.TypeExtractorTest" time="0.002"/>
  <testcase name="testResultTypeQueryable" classname="org.apache.flink.api.java.typeutils.TypeExtractorTest" time="0"/>
  <testcase name="testParameterizedPojo" classname="org.apache.flink.api.java.typeutils.TypeExtractorTest" time="0.001"/>
  <testcase name="testFunctionDependingPartialOnInput2" classname="org.apache.flink.api.java.typeutils.TypeExtractorTest" time="0"/>
  <testcase name="testValueSupertypeException" classname="org.apache.flink.api.java.typeutils.TypeExtractorTest" time="0.001"/>
  <testcase name="testExtractKeySelector" classname="org.apache.flink.api.java.typeutils.TypeExtractorTest" time="0.001"/>
  <testcase name="testInputMismatchExceptions" classname="org.apache.flink.api.java.typeutils.TypeExtractorTest" time="0.002"/>
  <testcase name="testFunctionDependingOnInputWithMissingInput" classname="org.apache.flink.api.java.typeutils.TypeExtractorTest" time="0"/>
  <testcase name="testMethodChainingPojo" classname="org.apache.flink.api.java.typeutils.TypeExtractorTest" time="0.002"/>
  <testcase name="testChainedGenericsNotInSuperclass" classname="org.apache.flink.api.java.typeutils.TypeExtractorTest" time="0.001"/>
  <testcase name="testSameGenericVariable" classname="org.apache.flink.api.java.typeutils.TypeExtractorTest" time="0.002"/>
  <testcase name="testFunctionDependingOnInputWithFunctionHierarchy2" classname="org.apache.flink.api.java.typeutils.TypeExtractorTest" time="0"/>
  <testcase name="testSqlTimeTypes" classname="org.apache.flink.api.java.typeutils.TypeExtractorTest" time="0.002"/>
  <testcase name="testBigBasicTypes" classname="org.apache.flink.api.java.typeutils.TypeExtractorTest" time="0.001"/>
  <testcase name="testTupleSupertype" classname="org.apache.flink.api.java.typeutils.TypeExtractorTest" time="0"/>
  <testcase name="testFunctionDependingOnInputWithFunctionHierarchy" classname="org.apache.flink.api.java.typeutils.TypeExtractorTest" time="0.001"/>
  <testcase name="testMissingTupleGenerics" classname="org.apache.flink.api.java.typeutils.TypeExtractorTest" time="0"/>
  <testcase name="testFunctionWithMissingGenerics" classname="org.apache.flink.api.java.typeutils.TypeExtractorTest" time="0.001"/>
  <testcase name="testGenericsNotInSuperclass" classname="org.apache.flink.api.java.typeutils.TypeExtractorTest" time="0.001"/>
  <testcase name="testFunctionInputInOutputMultipleTimes2" classname="org.apache.flink.api.java.typeutils.TypeExtractorTest" time="0.001"/>
  <testcase name="testFunctionDependingOnUnknownInput" classname="org.apache.flink.api.java.typeutils.TypeExtractorTest" time="0"/>
  <testcase name="testGenericsNotInSuperclassWithNonGenericClassAtEnd" classname="org.apache.flink.api.java.typeutils.TypeExtractorTest" time="0.001"/>
  <testcase name="testDuplicateValueNested" classname="org.apache.flink.api.java.typeutils.TypeExtractorTest" time="0.001"/>
  <testcase name="testParameterizedArrays" classname="org.apache.flink.api.java.typeutils.TypeExtractorTest" time="0.001"/>
  <testcase name="testTupleWithTuples" classname="org.apache.flink.api.java.typeutils.TypeExtractorTest" time="0.001"/>
  <testcase name="testInterface" classname="org.apache.flink.api.java.typeutils.TypeExtractorTest" time="0.001"/>
  <testcase name="testTupleWithBasicTypes" classname="org.apache.flink.api.java.typeutils.TypeExtractorTest" time="0.002"/>
  <testcase name="testEither" classname="org.apache.flink.api.java.typeutils.TypeExtractorTest" time="0.001"/>
  <testcase name="testMultiDimensionalArray" classname="org.apache.flink.api.java.typeutils.TypeExtractorTest" time="0.012"/>
  <testcase name="testFunctionDependingPartialOnInput" classname="org.apache.flink.api.java.typeutils.TypeExtractorTest" time="0.001"/>
  <testcase name="testGenericTypeWithSubclassInput" classname="org.apache.flink.api.java.typeutils.TypeExtractorTest" time="0.001"/>
  <testcase name="testFunctionDependingOnInputWithCustomTupleInput" classname="org.apache.flink.api.java.typeutils.TypeExtractorTest" time="0.001"/>
  <testcase name="testInputInferenceWithCustomTupleAndRichFunction" classname="org.apache.flink.api.java.typeutils.TypeExtractorTest" time="0.002"/>
  <testcase name="testInputWithCustomTypeInfo" classname="org.apache.flink.api.java.typeutils.TypeExtractorTest" time="0.002"/>
  <testcase name="testFunctionInputInOutputMultipleTimes" classname="org.apache.flink.api.java.typeutils.TypeExtractorTest" time="0"/>
  <testcase name="testFunctionWithNoGenericSuperclass" classname="org.apache.flink.api.java.typeutils.TypeExtractorTest" time="0"/>
  <testcase name="testTuple0" classname="org.apache.flink.api.java.typeutils.TypeExtractorTest" time="0.002"/>
  <testcase name="testFunctionDependingOnInputAsSuperclass" classname="org.apache.flink.api.java.typeutils.TypeExtractorTest" time="0.002"/>
  <testcase name="testCustomArray" classname="org.apache.flink.api.java.typeutils.TypeExtractorTest" time="0.001"/>
  <testcase name="testTupleOfValues" classname="org.apache.flink.api.java.typeutils.TypeExtractorTest" time="0.001"/>
  <testcase name="testNestedTupleGenerics2" classname="org.apache.flink.api.java.typeutils.TypeExtractorTest" time="0.002"/>
  <testcase name="testTupleWithPrimitiveArray" classname="org.apache.flink.api.java.typeutils.TypeExtractorTest" time="0.002"/>
  <testcase name="testFunction" classname="org.apache.flink.api.java.typeutils.TypeExtractorTest" time="0.001"/>
</testsuite>